iot/android/app/build/intermediates/manifest_merge_blame_file/debug/manifest-merger-blame-debug-report.txt
1<?xml version="1.0" encoding="utf-8"?>
2<manifest xmlns:android="http://schemas.android.com/apk/res/android"
3    package="android.iot"
4    android:versionCode="1"
5    android:versionName="1.0.0" >
6
7    <uses-sdk
8        android:minSdkVersion="30"
9        android:targetSdkVersion="30" />
10
11    <uses-permission android:name="android.permission.SYSTEM_ALERT_WINDOW" />
11-->src/main/AndroidManifest.xml:7:3-75
11-->src/main/AndroidManifest.xml:7:20-73
12    <uses-permission android:name="android.permission.ACCESS_COARSE_LOCATION" />
12-->src/main/AndroidManifest.xml:2:3-78
12-->src/main/AndroidManifest.xml:2:20-76
13    <uses-permission android:name="android.permission.ACCESS_FINE_LOCATION" />
13-->src/main/AndroidManifest.xml:3:3-76
13-->src/main/AndroidManifest.xml:3:20-74
14    <uses-permission android:name="android.permission.FOREGROUND_SERVICE" />
14-->src/main/AndroidManifest.xml:4:3-74
14-->src/main/AndroidManifest.xml:4:20-72
15    <uses-permission android:name="android.permission.INTERNET" />
15-->src/main/AndroidManifest.xml:5:3-64
15-->src/main/AndroidManifest.xml:5:20-62
16    <uses-permission android:name="android.permission.READ_EXTERNAL_STORAGE" />
16-->src/main/AndroidManifest.xml:6:3-77
16-->src/main/AndroidManifest.xml:6:20-75
17    <uses-permission android:name="android.permission.VIBRATE" />
17-->src/main/AndroidManifest.xml:8:3-63
17-->src/main/AndroidManifest.xml:8:20-61
18    <uses-permission android:name="android.permission.WRITE_EXTERNAL_STORAGE" />
18-->src/main/AndroidManifest.xml:9:3-78
18-->src/main/AndroidManifest.xml:9:20-76
19
20    <queries>
20-->src/main/AndroidManifest.xml:10:3-16:13
21        <intent>
21-->src/main/AndroidManifest.xml:11:5-15:14
22            <action android:name="android.intent.action.VIEW" />
22-->src/main/AndroidManifest.xml:12:7-58
22-->src/main/AndroidManifest.xml:12:15-56
23
24            <category android:name="android.intent.category.BROWSABLE" />
24-->src/main/AndroidManifest.xml:13:7-67
24-->src/main/AndroidManifest.xml:13:17-65
25
26            <data android:scheme="https" />
26-->src/main/AndroidManifest.xml:14:7-37
26-->src/main/AndroidManifest.xml:14:13-35
27        </intent>
28        <!-- Query open documents -->
29        <intent>
29-->[:expo-file-system] AndroidManifest.xml:19:9-21:18
30            <action android:name="android.intent.action.OPEN_DOCUMENT_TREE" />
30-->[:expo-file-system] AndroidManifest.xml:20:13-79
30-->[:expo-file-system] AndroidManifest.xml:20:21-76
31        </intent>
32    </queries>
33
34    <uses-permission android:name="android.permission.ACCESS_WIFI_STATE" />
34-->[com.facebook.flipper:flipper:0.54.0] AndroidManifest.xml:16:5-76
34-->[com.facebook.flipper:flipper:0.54.0] AndroidManifest.xml:16:22-73
35    <uses-permission android:name="android.permission.WAKE_LOCK" />
35-->[:sp-react-native-mqtt] AndroidManifest.xml:11:5-68
35-->[:sp-react-native-mqtt] AndroidManifest.xml:11:22-65
36    <uses-permission android:name="android.permission.ACCESS_NETWORK_STATE" />
36-->[:sp-react-native-mqtt] AndroidManifest.xml:13:5-79
36-->[:sp-react-native-mqtt] AndroidManifest.xml:13:22-76
37    <uses-permission android:name="com.google.android.finsky.permission.BIND_GET_INSTALL_REFERRER_SERVICE" />
37-->[com.android.installreferrer:installreferrer:1.0] AndroidManifest.xml:9:5-110
37-->[com.android.installreferrer:installreferrer:1.0] AndroidManifest.xml:9:22-107
38    <uses-permission android:name="com.google.android.providers.gsf.permission.READ_GSERVICES" />
38-->[io.nlopez.smartlocation:library:3.2.11] AndroidManifest.xml:15:5-98
38-->[io.nlopez.smartlocation:library:3.2.11] AndroidManifest.xml:15:22-95
39    <uses-permission android:name="com.google.android.gms.permission.ACTIVITY_RECOGNITION" />
39-->[io.nlopez.smartlocation:library:3.2.11] AndroidManifest.xml:16:5-94
39-->[io.nlopez.smartlocation:library:3.2.11] AndroidManifest.xml:16:22-91
40
41    <application
41-->src/main/AndroidManifest.xml:17:3-36:17
42        android:name="android.iot.MainApplication"
42-->src/main/AndroidManifest.xml:17:16-47
43        android:allowBackup="true"
43-->src/main/AndroidManifest.xml:17:162-188
44        android:appComponentFactory="androidx.core.app.CoreComponentFactory"
44-->[androidx.core:core:1.3.0] AndroidManifest.xml:24:18-86
45        android:debuggable="true"
46        android:extractNativeLibs="false"
47        android:icon="@mipmap/ic_launcher"
47-->src/main/AndroidManifest.xml:17:81-115
48        android:label="@string/app_name"
48-->src/main/AndroidManifest.xml:17:48-80
49        android:roundIcon="@mipmap/ic_launcher_round"
49-->src/main/AndroidManifest.xml:17:116-161
50        android:theme="@style/AppTheme"
50-->src/main/AndroidManifest.xml:17:189-220
51        android:usesCleartextTraffic="true" >
51-->src/main/AndroidManifest.xml:17:221-256
52        <meta-data
52-->src/main/AndroidManifest.xml:18:5-82
53            android:name="expo.modules.updates.ENABLED"
53-->src/main/AndroidManifest.xml:18:16-59
54            android:value="true" />
54-->src/main/AndroidManifest.xml:18:60-80
55        <meta-data
55-->src/main/AndroidManifest.xml:19:5-93
56            android:name="expo.modules.updates.EXPO_SDK_VERSION"
56-->src/main/AndroidManifest.xml:19:16-68
57            android:value="43.0.0" />
57-->src/main/AndroidManifest.xml:19:69-91
58        <meta-data
58-->src/main/AndroidManifest.xml:20:5-105
59            android:name="expo.modules.updates.EXPO_UPDATES_CHECK_ON_LAUNCH"
59-->src/main/AndroidManifest.xml:20:16-80
60            android:value="ALWAYS" />
60-->src/main/AndroidManifest.xml:20:81-103
61        <meta-data
61-->src/main/AndroidManifest.xml:21:5-99
62            android:name="expo.modules.updates.EXPO_UPDATES_LAUNCH_WAIT_MS"
62-->src/main/AndroidManifest.xml:21:16-79
63            android:value="0" />
63-->src/main/AndroidManifest.xml:21:80-97
64        <meta-data
64-->src/main/AndroidManifest.xml:22:5-117
65            android:name="expo.modules.updates.EXPO_UPDATE_URL"
65-->src/main/AndroidManifest.xml:22:16-67
66            android:value="https://exp.host/@anonymous/iot" />
66-->src/main/AndroidManifest.xml:22:68-115
67
68        <activity
68-->src/main/AndroidManifest.xml:23:5-34:16
69            android:name="android.iot.MainActivity"
69-->src/main/AndroidManifest.xml:23:15-43
70            android:configChanges="keyboard|keyboardHidden|orientation|screenSize|uiMode"
70-->src/main/AndroidManifest.xml:23:77-154
71            android:label="@string/app_name"
71-->src/main/AndroidManifest.xml:23:44-76
72            android:launchMode="singleTask"
72-->src/main/AndroidManifest.xml:23:155-186
73            android:screenOrientation="portrait"
73-->src/main/AndroidManifest.xml:23:276-312
74            android:theme="@style/Theme.App.SplashScreen"
74-->src/main/AndroidManifest.xml:23:230-275
75            android:windowSoftInputMode="adjustResize" >
75-->src/main/AndroidManifest.xml:23:187-229
76            <intent-filter>
76-->src/main/AndroidManifest.xml:24:7-27:23
77                <action android:name="android.intent.action.MAIN" />
77-->src/main/AndroidManifest.xml:25:9-60
77-->src/main/AndroidManifest.xml:25:17-58
78
79                <category android:name="android.intent.category.LAUNCHER" />
79-->src/main/AndroidManifest.xml:26:9-68
79-->src/main/AndroidManifest.xml:26:19-66
80            </intent-filter>
81            <intent-filter>
81-->src/main/AndroidManifest.xml:28:7-33:23
82                <action android:name="android.intent.action.VIEW" />
82-->src/main/AndroidManifest.xml:12:7-58
82-->src/main/AndroidManifest.xml:12:15-56
83
84                <category android:name="android.intent.category.DEFAULT" />
84-->src/main/AndroidManifest.xml:30:9-67
84-->src/main/AndroidManifest.xml:30:19-65
85                <category android:name="android.intent.category.BROWSABLE" />
85-->src/main/AndroidManifest.xml:13:7-67
85-->src/main/AndroidManifest.xml:13:17-65
86
87                <data android:scheme="android.iot" />
87-->src/main/AndroidManifest.xml:14:7-37
87-->src/main/AndroidManifest.xml:14:13-35
88            </intent-filter>
89        </activity>
90        <activity android:name="com.facebook.react.devsupport.DevSettingsActivity" />
90-->src/main/AndroidManifest.xml:35:5-81
90-->src/main/AndroidManifest.xml:35:15-79
91
92        <service android:name="org.eclipse.paho.android.service.MqttService" >
92-->[:sp-react-native-mqtt] AndroidManifest.xml:16:9-17:19
92-->[:sp-react-native-mqtt] AndroidManifest.xml:16:18-77
93        </service>
94
95        <provider
95-->[:expo-file-system] AndroidManifest.xml:25:9-34:20
96            android:name="expo.modules.filesystem.FileSystemFileProvider"
96-->[:expo-file-system] AndroidManifest.xml:26:13-74
97            android:authorities="android.iot.FileSystemFileProvider"
97-->[:expo-file-system] AndroidManifest.xml:27:13-74
98            android:exported="false"
98-->[:expo-file-system] AndroidManifest.xml:28:13-37
99            android:grantUriPermissions="true" >
99-->[:expo-file-system] AndroidManifest.xml:29:13-47
100            <meta-data
100-->[:expo-file-system] AndroidManifest.xml:31:13-33:70
101                android:name="android.support.FILE_PROVIDER_PATHS"
101-->[:expo-file-system] AndroidManifest.xml:32:17-67
102                android:resource="@xml/file_system_provider_paths" />
102-->[:expo-file-system] AndroidManifest.xml:33:17-67
103        </provider>
104
105        <service
105-->[:expo-location] AndroidManifest.xml:16:9-19:56
106            android:name="expo.modules.location.services.LocationTaskService"
106-->[:expo-location] AndroidManifest.xml:17:13-78
107            android:exported="false"
107-->[:expo-location] AndroidManifest.xml:18:13-37
108            android:foregroundServiceType="location" />
108-->[:expo-location] AndroidManifest.xml:19:13-53
109
110        <meta-data
110-->[:expo-modules-core] AndroidManifest.xml:12:9-14:89
111            android:name="org.unimodules.core.AppLoader#react-native-headless"
111-->[:expo-modules-core] AndroidManifest.xml:13:13-79
112            android:value="expo.modules.adapters.react.apploader.RNHeadlessAppLoader" />
112-->[:expo-modules-core] AndroidManifest.xml:14:13-86
113
114        <activity
114-->[com.google.android.gms:play-services-base:16.0.1] AndroidManifest.xml:23:9-26:75
115            android:name="com.google.android.gms.common.api.GoogleApiActivity"
115-->[com.google.android.gms:play-services-base:16.0.1] AndroidManifest.xml:24:13-79
116            android:exported="false"
116-->[com.google.android.gms:play-services-base:16.0.1] AndroidManifest.xml:25:13-37
117            android:theme="@android:style/Theme.Translucent.NoTitleBar" />
117-->[com.google.android.gms:play-services-base:16.0.1] AndroidManifest.xml:26:13-72
118
119        <meta-data
119-->[com.google.android.gms:play-services-basement:16.0.1] AndroidManifest.xml:23:9-25:69
120            android:name="com.google.android.gms.version"
120-->[com.google.android.gms:play-services-basement:16.0.1] AndroidManifest.xml:24:13-58
121            android:value="@integer/google_play_services_version" />
121-->[com.google.android.gms:play-services-basement:16.0.1] AndroidManifest.xml:25:13-66
122
123        <service
123-->[androidx.room:room-runtime:2.1.0] AndroidManifest.xml:25:9-27:40
124            android:name="androidx.room.MultiInstanceInvalidationService"
124-->[androidx.room:room-runtime:2.1.0] AndroidManifest.xml:26:13-74
125            android:exported="false" />
125-->[androidx.room:room-runtime:2.1.0] AndroidManifest.xml:27:13-37
126        <service
126-->[io.nlopez.smartlocation:library:3.2.11] AndroidManifest.xml:19:9-21:40
127            android:name="io.nlopez.smartlocation.activity.providers.ActivityGooglePlayServicesProvider$ActivityRecognitionService"
127-->[io.nlopez.smartlocation:library:3.2.11] AndroidManifest.xml:20:13-132
128            android:exported="false" />
128-->[io.nlopez.smartlocation:library:3.2.11] AndroidManifest.xml:21:13-37
129        <service
129-->[io.nlopez.smartlocation:library:3.2.11] AndroidManifest.xml:22:9-24:40
130            android:name="io.nlopez.smartlocation.geofencing.providers.GeofencingGooglePlayServicesProvider$GeofencingService"
130-->[io.nlopez.smartlocation:library:3.2.11] AndroidManifest.xml:23:13-127
131            android:exported="false" />
131-->[io.nlopez.smartlocation:library:3.2.11] AndroidManifest.xml:24:13-37
132        <service
132-->[io.nlopez.smartlocation:library:3.2.11] AndroidManifest.xml:25:9-27:40
133            android:name="io.nlopez.smartlocation.geocoding.providers.AndroidGeocodingProvider$AndroidGeocodingService"
133-->[io.nlopez.smartlocation:library:3.2.11] AndroidManifest.xml:26:13-120
134            android:exported="false" />
134-->[io.nlopez.smartlocation:library:3.2.11] AndroidManifest.xml:27:13-37
135    </application>
136
137</manifest>